{
  "RSpec": {
    "coverage": {
      "/Users/elizabethsecor/Documents/Turing/3module/projects/rails_engine_2_serializers/app/controllers/api/v1/merchants_controller.rb": [
        1,
        1,
        null,
        1,
        1,
        null,
        null
      ],
      "/Users/elizabethsecor/Documents/Turing/3module/projects/rails_engine_2_serializers/app/controllers/api/api_controller.rb": [
        1,
        1,
        null
      ],
      "/Users/elizabethsecor/Documents/Turing/3module/projects/rails_engine_2_serializers/app/controllers/application_controller.rb": [
        1,
        null,
        null,
        1,
        null
      ],
      "/Users/elizabethsecor/Documents/Turing/3module/projects/rails_engine_2_serializers/app/models/customer.rb": [
        1,
        null
      ],
      "/Users/elizabethsecor/Documents/Turing/3module/projects/rails_engine_2_serializers/app/models/invoice_item.rb": [
        1,
        1,
        1,
        null
      ],
      "/Users/elizabethsecor/Documents/Turing/3module/projects/rails_engine_2_serializers/app/models/invoice.rb": [
        1,
        1,
        1,
        null
      ],
      "/Users/elizabethsecor/Documents/Turing/3module/projects/rails_engine_2_serializers/app/models/item.rb": [
        1,
        1,
        null
      ],
      "/Users/elizabethsecor/Documents/Turing/3module/projects/rails_engine_2_serializers/app/models/merchant.rb": [
        1,
        null
      ],
      "/Users/elizabethsecor/Documents/Turing/3module/projects/rails_engine_2_serializers/app/models/transaction.rb": [
        1,
        1,
        null
      ],
      "/Users/elizabethsecor/Documents/Turing/3module/projects/rails_engine_2_serializers/app/helpers/application_helper.rb": [
        0,
        0
      ],
      "/Users/elizabethsecor/Documents/Turing/3module/projects/rails_engine_2_serializers/app/serializers/merchant_serializer.rb": [
        0,
        0,
        0
      ]
    },
    "timestamp": 1456692116
  }
}
